  stdafx.cpp
  VsGameMenu.cpp
  VisibleGameObject.cpp
  SplashScreen.cpp
  SoundFileCache.cpp
  SFMLSoundProvider.cpp
  ServiceLocator.cpp
  ScoreBoard.cpp
  Pong.cpp
  PlayerPaddle2.cpp
  PlayerPaddle.cpp
  MainMenu.cpp
  InGameMenu.cpp
  GameObjectManager.cpp
  GameBall.cpp
  Game.cpp
d:\pong\pong\game.cpp(80): warning C4244: 'argument': conversion from 'time_t' to 'unsigned int', possible loss of data
d:\pong\pong\game.cpp(111): warning C4267: 'argument': conversion from 'size_t' to 'sf::Uint8', possible loss of data
d:\pong\pong\game.cpp(136): warning C4267: 'argument': conversion from 'size_t' to 'sf::Uint8', possible loss of data
  EndGameMenu.cpp
  AIPaddle.cpp
  Generating Code...
d:\pong\pong\game.cpp(60): warning C4172: returning address of local variable or temporary: event
     Creating library D:\Pong\Debug\Pong.lib and object D:\Pong\Debug\Pong.exp
sfml-main-d.lib(MainWin32.cpp.obj) : warning LNK4099: PDB 'vc140.pdb' was not found with 'sfml-main-d.lib(MainWin32.cpp.obj)' or at 'D:\Pong\Debug\vc140.pdb'; linking object as if no debug info
  Pong.vcxproj -> D:\Pong\Debug\Pong.exe
  Pong.vcxproj -> D:\Pong\Debug\Pong.pdb (Full PDB)
